mode: set
createservice/internal/repository/create_repository.go:19.84,23.2 1 1
createservice/internal/repository/create_repository.go:26.76,34.2 4 1
createservice/internal/repository/create_repository.go:37.66,44.16 4 1
createservice/internal/repository/create_repository.go:44.16,46.3 1 1
createservice/internal/repository/create_repository.go:48.2,48.23 1 1
createservice/internal/services/create_service.go:18.81,20.2 1 1
createservice/internal/services/create_service.go:23.60,25.43 1 1
createservice/internal/services/create_service.go:25.43,27.3 1 1
createservice/internal/services/create_service.go:30.2,31.16 2 1
createservice/internal/services/create_service.go:31.16,33.3 1 1
createservice/internal/services/create_service.go:34.2,34.12 1 1
createservice/internal/services/create_service.go:34.12,38.3 1 1
createservice/internal/services/create_service.go:41.2,42.16 2 1
createservice/internal/services/create_service.go:42.16,44.3 1 1
createservice/internal/services/create_service.go:46.2,46.12 1 1
createservice/internal/services/create_service.go:56.43,57.21 1 1
createservice/internal/services/create_service.go:57.21,59.3 1 1
createservice/internal/services/create_service.go:60.2,60.22 1 1
createservice/internal/services/create_service.go:60.22,62.3 1 1
createservice/internal/services/create_service.go:64.2,64.60 1 1
createservice/internal/services/create_service.go:64.60,68.3 1 1
createservice/internal/services/create_service.go:70.2,72.49 2 1
createservice/internal/services/create_service.go:72.49,76.3 1 1
createservice/internal/services/create_service.go:78.2,78.12 1 1
createservice/internal/controllers/create_controller.go:19.85,21.2 1 1
createservice/internal/controllers/create_controller.go:24.57,28.50 2 1
createservice/internal/controllers/create_controller.go:28.50,32.3 3 1
createservice/internal/controllers/create_controller.go:35.2,35.51 1 1
createservice/internal/controllers/create_controller.go:35.51,39.3 3 1
createservice/internal/controllers/create_controller.go:42.2,44.4 1 1
createservice/internal/controllers/create_controller.go:48.47,53.2 1 1
