mode: set
createservice/internal/db/mongo.go:15.41,23.57 4 0
createservice/internal/db/mongo.go:23.57,25.3 1 0
createservice/internal/db/mongo.go:28.2,33.16 4 0
createservice/internal/db/mongo.go:33.16,35.3 1 0
createservice/internal/db/mongo.go:38.2,38.46 1 0
createservice/internal/db/mongo.go:38.46,40.3 1 0
createservice/internal/db/mongo.go:43.2,49.39 3 0
createservice/internal/db/mongo_adapter.go:17.77,19.2 1 0
createservice/internal/db/mongo_adapter.go:22.108,25.2 2 0
createservice/internal/db/mongo_adapter.go:28.100,30.2 1 0
createservice/internal/repository/create_repository.go:19.84,23.2 1 1
createservice/internal/repository/create_repository.go:26.76,34.2 4 1
createservice/internal/repository/create_repository.go:37.66,44.16 4 1
createservice/internal/repository/create_repository.go:44.16,46.3 1 1
createservice/internal/repository/create_repository.go:48.2,48.23 1 1
createservice/internal/services/create_service.go:18.81,20.2 1 1
createservice/internal/services/create_service.go:23.60,25.43 1 1
createservice/internal/services/create_service.go:25.43,27.3 1 1
createservice/internal/services/create_service.go:30.2,31.16 2 1
createservice/internal/services/create_service.go:31.16,33.3 1 1
createservice/internal/services/create_service.go:34.2,34.12 1 1
createservice/internal/services/create_service.go:34.12,38.3 1 1
createservice/internal/services/create_service.go:41.2,42.16 2 1
createservice/internal/services/create_service.go:42.16,44.3 1 1
createservice/internal/services/create_service.go:46.2,46.12 1 1
createservice/internal/services/create_service.go:56.43,57.21 1 1
createservice/internal/services/create_service.go:57.21,59.3 1 1
createservice/internal/services/create_service.go:60.2,60.22 1 1
createservice/internal/services/create_service.go:60.22,62.3 1 1
createservice/internal/services/create_service.go:64.2,64.60 1 1
createservice/internal/services/create_service.go:64.60,68.3 1 1
createservice/internal/services/create_service.go:70.2,72.49 2 1
createservice/internal/services/create_service.go:72.49,76.3 1 1
createservice/internal/services/create_service.go:78.2,78.12 1 1
createservice/internal/controllers/create_controller.go:19.85,21.2 1 1
createservice/internal/controllers/create_controller.go:24.57,28.50 2 1
createservice/internal/controllers/create_controller.go:28.50,32.3 3 1
createservice/internal/controllers/create_controller.go:35.2,35.51 1 1
createservice/internal/controllers/create_controller.go:35.51,39.3 3 1
createservice/internal/controllers/create_controller.go:42.2,44.4 1 1
createservice/internal/controllers/create_controller.go:48.47,53.2 1 1
createservice/cmd/main.go:12.13,22.40 6 0
createservice/cmd/main.go:22.40,24.3 1 0
createservice/cmd/main.go:26.2,28.16 2 0
createservice/internal/errors/app_error_interface.go:47.45,47.65 1 0
createservice/internal/errors/app_error_interface.go:48.45,48.62 1 0
createservice/internal/errors/app_error_interface.go:49.45,49.68 1 0
createservice/internal/errors/app_error_interface.go:50.45,50.63 1 0
createservice/internal/errors/app_error_interface.go:53.57,59.2 1 0
createservice/internal/errors/app_error_interface.go:62.71,69.2 1 0
createservice/internal/errors/app_error_interface.go:72.41,78.2 1 0
createservice/internal/errors/app_error_interface.go:81.44,83.2 1 0
createservice/internal/errors/app_error_interface.go:86.41,88.2 1 0
createservice/internal/errors/app_error_interface.go:91.42,93.2 1 0
createservice/internal/errors/app_error_interface.go:96.47,98.2 1 0
createservice/internal/errors/app_error_interface.go:101.40,103.2 1 0
createservice/internal/errors/app_error_interface.go:106.37,108.2 1 0
createservice/internal/errors/app_error_interface.go:111.44,112.16 1 0
createservice/internal/errors/app_error_interface.go:112.16,114.3 1 0
createservice/internal/errors/app_error_interface.go:115.2,115.38 1 0
createservice/internal/errors/app_error_interface.go:115.38,117.3 1 0
createservice/internal/errors/app_error_interface.go:118.2,118.29 1 0
createservice/internal/errors/create_errors.go:15.53,21.2 1 0
createservice/internal/errors/create_errors.go:24.50,30.2 1 0
