mode: set
deleteservice/internal/services/delete_service.go:15.81,17.2 1 1
deleteservice/internal/services/delete_service.go:20.53,22.14 1 1
deleteservice/internal/services/delete_service.go:22.14,24.3 1 1
deleteservice/internal/services/delete_service.go:27.2,28.16 2 1
deleteservice/internal/services/delete_service.go:28.16,30.3 1 1
deleteservice/internal/services/delete_service.go:33.2,33.9 1 1
deleteservice/internal/services/delete_service.go:34.50,35.38 1 1
deleteservice/internal/services/delete_service.go:36.53,37.41 1 1
deleteservice/internal/services/delete_service.go:38.10,39.30 1 1
deleteservice/internal/repository/delete_repository.go:24.84,26.2 1 1
deleteservice/internal/repository/delete_repository.go:29.56,36.16 4 1
deleteservice/internal/repository/delete_repository.go:36.16,38.3 1 1
deleteservice/internal/repository/delete_repository.go:41.2,42.16 2 1
deleteservice/internal/repository/delete_repository.go:42.16,44.3 1 1
deleteservice/internal/repository/delete_repository.go:47.2,47.30 1 1
deleteservice/internal/repository/delete_repository.go:47.30,49.3 1 1
deleteservice/internal/repository/delete_repository.go:51.2,51.12 1 1
deleteservice/internal/controllers/delete_controller.go:18.85,20.2 1 1
deleteservice/internal/controllers/delete_controller.go:23.57,28.49 2 1
deleteservice/internal/controllers/delete_controller.go:28.49,32.3 3 1
deleteservice/internal/controllers/delete_controller.go:35.2,37.4 1 1
deleteservice/internal/controllers/delete_controller.go:41.47,46.2 1 1
