mode: set
updateservice/internal/services/update_service.go:18.81,20.2 1 1
updateservice/internal/services/update_service.go:23.92,25.41 1 1
updateservice/internal/services/update_service.go:25.41,27.3 1 1
updateservice/internal/services/update_service.go:30.2,30.22 1 1
updateservice/internal/services/update_service.go:30.22,32.3 1 1
updateservice/internal/services/update_service.go:35.2,36.49 2 1
updateservice/internal/services/update_service.go:36.49,38.3 1 1
updateservice/internal/services/update_service.go:42.2,42.41 1 1
updateservice/internal/repository/update_repository.go:21.84,23.2 1 1
updateservice/internal/repository/update_repository.go:26.95,33.16 4 1
updateservice/internal/repository/update_repository.go:33.16,35.3 1 1
updateservice/internal/repository/update_repository.go:38.2,43.16 4 1
updateservice/internal/repository/update_repository.go:43.16,45.3 1 1
updateservice/internal/repository/update_repository.go:47.2,47.30 1 1
updateservice/internal/repository/update_repository.go:47.30,49.3 1 1
updateservice/internal/repository/update_repository.go:51.2,51.12 1 1
updateservice/internal/repository/update_repository.go:55.47,64.2 1 1
updateservice/internal/controllers/update_controller.go:19.85,21.2 1 1
updateservice/internal/controllers/update_controller.go:24.57,27.14 2 1
updateservice/internal/controllers/update_controller.go:27.14,31.3 3 1
updateservice/internal/controllers/update_controller.go:34.2,35.50 2 1
updateservice/internal/controllers/update_controller.go:35.50,39.3 3 1
updateservice/internal/controllers/update_controller.go:43.2,43.78 1 1
updateservice/internal/controllers/update_controller.go:43.78,52.3 3 1
updateservice/internal/controllers/update_controller.go:55.2,55.72 1 1
