mode: set
readservice/internal/repository/read_repository.go:26.80,28.2 1 1
readservice/internal/repository/read_repository.go:42.71,47.16 4 1
readservice/internal/repository/read_repository.go:47.16,49.3 1 1
readservice/internal/repository/read_repository.go:51.2,53.16 3 1
readservice/internal/repository/read_repository.go:53.16,54.43 1 1
readservice/internal/repository/read_repository.go:54.43,56.4 1 1
readservice/internal/repository/read_repository.go:57.3,57.18 1 1
readservice/internal/repository/read_repository.go:60.2,60.19 1 1
readservice/internal/repository/read_repository.go:68.63,73.16 4 1
readservice/internal/repository/read_repository.go:73.16,75.3 1 1
readservice/internal/repository/read_repository.go:76.2,80.47 3 1
readservice/internal/repository/read_repository.go:80.47,82.3 1 0
readservice/internal/repository/read_repository.go:84.2,84.19 1 1
readservice/internal/services/read_service.go:17.75,19.2 1 1
readservice/internal/services/read_service.go:22.68,24.14 1 1
readservice/internal/services/read_service.go:24.14,26.3 1 1
readservice/internal/services/read_service.go:29.2,30.16 2 1
readservice/internal/services/read_service.go:30.16,32.3 1 1
readservice/internal/services/read_service.go:35.2,35.9 1 1
readservice/internal/services/read_service.go:36.50,37.43 1 1
readservice/internal/services/read_service.go:38.53,39.46 1 1
readservice/internal/services/read_service.go:40.10,41.35 1 1
readservice/internal/services/read_service.go:46.60,49.16 2 1
readservice/internal/services/read_service.go:49.16,51.3 1 1
readservice/internal/services/read_service.go:54.2,54.18 1 1
readservice/internal/services/read_service.go:54.18,56.3 1 1
readservice/internal/services/read_service.go:58.2,58.19 1 1
readservice/internal/controllers/read_controller.go:18.79,20.2 1 1
readservice/internal/controllers/read_controller.go:23.56,29.16 3 1
readservice/internal/controllers/read_controller.go:29.16,33.3 3 1
readservice/internal/controllers/read_controller.go:36.2,36.31 1 1
readservice/internal/controllers/read_controller.go:40.56,43.16 2 1
readservice/internal/controllers/read_controller.go:43.16,47.3 3 1
readservice/internal/controllers/read_controller.go:50.2,50.32 1 1
readservice/internal/controllers/read_controller.go:54.47,59.2 1 1
